<?xml version="1.0" encoding="UTF-8"?>
<testng-results ignored="0" total="1" passed="0" failed="1" skipped="0">
  <reporter-output>
  </reporter-output>
  <suite started-at="2024-07-17T17:13:44 EDT" name="Default suite" finished-at="2024-07-17T17:21:25 EDT" duration-ms="460926">
    <groups>
    </groups>
    <test started-at="2024-07-17T17:13:44 EDT" name="Default test" finished-at="2024-07-17T17:21:25 EDT" duration-ms="460926">
      <class name="utilities.RecipeScraper">
        <test-method signature="recipeScraperWithJsoup()[pri:0, instance:utilities.RecipeScraper@65753040]" started-at="2024-07-17T17:13:44 EDT" name="recipeScraperWithJsoup" finished-at="2024-07-17T17:21:25 EDT" duration-ms="460789" status="FAIL">
          <exception class="java.net.SocketTimeoutException">
            <message>
              <![CDATA[Read timed out]]>
            </message>
            <full-stacktrace>
              <![CDATA[java.net.SocketTimeoutException: Read timed out
at java.base/sun.nio.ch.NioSocketImpl.timedRead(NioSocketImpl.java:278)
at java.base/sun.nio.ch.NioSocketImpl.implRead(NioSocketImpl.java:304)
at java.base/sun.nio.ch.NioSocketImpl.read(NioSocketImpl.java:346)
at java.base/sun.nio.ch.NioSocketImpl$1.read(NioSocketImpl.java:796)
at java.base/java.net.Socket$SocketInputStream.read(Socket.java:1099)
at java.base/sun.security.ssl.SSLSocketInputRecord.read(SSLSocketInputRecord.java:489)
at java.base/sun.security.ssl.SSLSocketInputRecord.readHeader(SSLSocketInputRecord.java:483)
at java.base/sun.security.ssl.SSLSocketInputRecord.bytesInCompletePacket(SSLSocketInputRecord.java:70)
at java.base/sun.security.ssl.SSLSocketImpl.readApplicationRecord(SSLSocketImpl.java:1461)
at java.base/sun.security.ssl.SSLSocketImpl$AppInputStream.read(SSLSocketImpl.java:1066)
at java.base/java.io.BufferedInputStream.fill(BufferedInputStream.java:291)
at java.base/java.io.BufferedInputStream.read1(BufferedInputStream.java:347)
at java.base/java.io.BufferedInputStream.implRead(BufferedInputStream.java:420)
at java.base/java.io.BufferedInputStream.read(BufferedInputStream.java:399)
at java.base/sun.net.www.http.HttpClient.parseHTTPHeader(HttpClient.java:827)
at java.base/sun.net.www.http.HttpClient.parseHTTP(HttpClient.java:759)
at java.base/sun.net.www.protocol.http.HttpURLConnection.getInputStream0(HttpURLConnection.java:1690)
at java.base/sun.net.www.protocol.http.HttpURLConnection.getInputStream(HttpURLConnection.java:1599)
at java.base/java.net.HttpURLConnection.getResponseCode(HttpURLConnection.java:531)
at java.base/sun.net.www.protocol.https.HttpsURLConnectionImpl.getResponseCode(HttpsURLConnectionImpl.java:307)
at org.jsoup.helper.HttpConnection$Response.execute(HttpConnection.java:856)
at org.jsoup.helper.HttpConnection$Response.execute(HttpConnection.java:818)
at org.jsoup.helper.HttpConnection.execute(HttpConnection.java:346)
at org.jsoup.helper.HttpConnection.get(HttpConnection.java:331)
at utilities.RecipeScraper.recipeScraperWithJsoup(RecipeScraper.java:62)
at java.base/jdk.internal.reflect.DirectMethodHandleAccessor.invoke(DirectMethodHandleAccessor.java:103)
at java.base/java.lang.reflect.Method.invoke(Method.java:580)
at org.testng.internal.invokers.MethodInvocationHelper.invokeMethod(MethodInvocationHelper.java:139)
at org.testng.internal.invokers.TestInvoker.invokeMethod(TestInvoker.java:677)
at org.testng.internal.invokers.TestInvoker.invokeTestMethod(TestInvoker.java:221)
at org.testng.internal.invokers.MethodRunner.runInSequence(MethodRunner.java:50)
at org.testng.internal.invokers.TestInvoker$MethodInvocationAgent.invoke(TestInvoker.java:969)
at org.testng.internal.invokers.TestInvoker.invokeTestMethods(TestInvoker.java:194)
at org.testng.internal.invokers.TestMethodWorker.invokeTestMethods(TestMethodWorker.java:148)
at org.testng.internal.invokers.TestMethodWorker.run(TestMethodWorker.java:128)
at java.base/java.util.ArrayList.forEach(ArrayList.java:1596)
at org.testng.TestRunner.privateRun(TestRunner.java:829)
at org.testng.TestRunner.run(TestRunner.java:602)
at org.testng.SuiteRunner.runTest(SuiteRunner.java:437)
at org.testng.SuiteRunner.runSequentially(SuiteRunner.java:431)
at org.testng.SuiteRunner.privateRun(SuiteRunner.java:391)
at org.testng.SuiteRunner.run(SuiteRunner.java:330)
at org.testng.SuiteRunnerWorker.runSuite(SuiteRunnerWorker.java:52)
at org.testng.SuiteRunnerWorker.run(SuiteRunnerWorker.java:95)
at org.testng.TestNG.runSuitesSequentially(TestNG.java:1256)
at org.testng.TestNG.runSuitesLocally(TestNG.java:1176)
at org.testng.TestNG.runSuites(TestNG.java:1099)
at org.testng.TestNG.run(TestNG.java:1067)
at org.testng.remote.AbstractRemoteTestNG.run(AbstractRemoteTestNG.java:115)
at org.testng.remote.RemoteTestNG.initAndRun(RemoteTestNG.java:251)
at org.testng.remote.RemoteTestNG.main(RemoteTestNG.java:77)
]]>
            </full-stacktrace>
          </exception> <!-- java.net.SocketTimeoutException -->
          <reporter-output>
          </reporter-output>
        </test-method> <!-- recipeScraperWithJsoup -->
      </class> <!-- utilities.RecipeScraper -->
    </test> <!-- Default test -->
  </suite> <!-- Default suite -->
</testng-results>
